1월 07, 2023 2:55:12 오전 org.apache.catalina.core.AprLifecycleListener init
정보: Loaded APR based Apache Tomcat Native library 1.1.27 using APR version 1.4.6.
1월 07, 2023 2:55:12 오전 org.apache.catalina.core.AprLifecycleListener init
정보: APR capabilities: IPv6 [true], sendfile [true], accept filters [false], random [true].
1월 07, 2023 2:55:13 오전 org.apache.catalina.core.AprLifecycleListener initializeSSL
정보: OpenSSL successfully initialized (OpenSSL 1.0.1d 5 Feb 2013)
1월 07, 2023 2:55:13 오전 org.apache.coyote.AbstractProtocol init
정보: Initializing ProtocolHandler ["http-apr-8081"]
1월 07, 2023 2:55:13 오전 org.apache.coyote.AbstractProtocol init
정보: Initializing ProtocolHandler ["ajp-apr-8009"]
1월 07, 2023 2:55:13 오전 org.apache.catalina.startup.Catalina load
정보: Initialization processed in 805 ms
1월 07, 2023 2:55:13 오전 org.apache.catalina.core.StandardService startInternal
정보: Starting service Catalina
1월 07, 2023 2:55:13 오전 org.apache.catalina.core.StandardEngine startInternal
정보: Starting Servlet Engine: Apache Tomcat/7.0.42
1월 07, 2023 2:55:13 오전 org.apache.catalina.startup.HostConfig deployDirectory
정보: Deploying web application directory C:\Program Files (x86)\apache-tomcat-7.0.42\webapps\docs
1월 07, 2023 2:55:13 오전 org.apache.catalina.startup.HostConfig deployDirectory
정보: Deploying web application directory C:\Program Files (x86)\apache-tomcat-7.0.42\webapps\examples
1월 07, 2023 2:55:13 오전 org.apache.catalina.startup.HostConfig deployDirectory
정보: Deploying web application directory C:\Program Files (x86)\apache-tomcat-7.0.42\webapps\host-manager
1월 07, 2023 2:55:13 오전 org.apache.catalina.startup.HostConfig deployDirectory
정보: Deploying web application directory C:\Program Files (x86)\apache-tomcat-7.0.42\webapps\manager
1월 07, 2023 2:55:13 오전 org.apache.catalina.startup.HostConfig deployDirectory
정보: Deploying web application directory C:\Program Files (x86)\apache-tomcat-7.0.42\webapps\ROOT
1월 07, 2023 2:55:13 오전 org.apache.coyote.AbstractProtocol start
정보: Starting ProtocolHandler ["http-apr-8081"]
1월 07, 2023 2:55:13 오전 org.apache.coyote.AbstractProtocol start
정보: Starting ProtocolHandler ["ajp-apr-8009"]
1월 07, 2023 2:55:13 오전 org.apache.catalina.startup.Catalina start
정보: Server startup in 410 ms
1월 07, 2023 2:55:21 오전 org.apache.catalina.startup.Catalina stopServer
심각: Could not contact localhost:8005. Tomcat may not be running.
1월 07, 2023 2:55:21 오전 org.apache.catalina.startup.Catalina stopServer
심각: Catalina.stop: 
java.net.ConnectException: Connection refused: connect
	at java.net.DualStackPlainSocketImpl.connect0(Native Method)
	at java.net.DualStackPlainSocketImpl.socketConnect(DualStackPlainSocketImpl.java:79)
	at java.net.AbstractPlainSocketImpl.doConnect(AbstractPlainSocketImpl.java:350)
	at java.net.AbstractPlainSocketImpl.connectToAddress(AbstractPlainSocketImpl.java:206)
	at java.net.AbstractPlainSocketImpl.connect(AbstractPlainSocketImpl.java:188)
	at java.net.PlainSocketImpl.connect(PlainSocketImpl.java:172)
	at java.net.SocksSocketImpl.connect(SocksSocketImpl.java:392)
	at java.net.Socket.connect(Socket.java:607)
	at java.net.Socket.connect(Socket.java:556)
	at java.net.Socket.<init>(Socket.java:452)
	at java.net.Socket.<init>(Socket.java:229)
	at org.apache.catalina.startup.Catalina.stopServer(Catalina.java:500)
	at sun.reflect.NativeMethodAccessorImpl.invoke0(Native Method)
	at sun.reflect.NativeMethodAccessorImpl.invoke(NativeMethodAccessorImpl.java:62)
	at sun.reflect.DelegatingMethodAccessorImpl.invoke(DelegatingMethodAccessorImpl.java:43)
	at java.lang.reflect.Method.invoke(Method.java:498)
	at org.apache.catalina.startup.Bootstrap.stopServer(Bootstrap.java:371)
	at org.apache.catalina.startup.Bootstrap.main(Bootstrap.java:458)

